[+] Containers:
 |- [+] Container: /Game/ThirdPerson/Maps/ThirdPersonMap
 |   |- [+] ActorDescs:
 |   |   |- Guid:14F5C8FE42E59185ED8425B895F4B809 BaseClass:/Game/Sea_Life/BP_Spawner.BP_Spawner_C NativeClass:/Script/Engine.Actor Name:BP_Spawner_C_UAID_B42E9937F3E048C301_1804246753 Label:BP_Spawner SpatiallyLoaded:1 Bounds:IsValid=true, Min=(X=1190.000 Y=2530.000 Z=0.000), Max=(X=1190.000 Y=2530.000 Z=0.000) RuntimeGrid:None EditorOnly:0 RuntimeOnly:0 HLODRelevant:0
 |   |   |- Guid:2C332415426C07CC12BDB893B1A3D3DF BaseClass:/Game/Sea_Life/BP_Spawner.BP_Spawner_C NativeClass:/Script/Engine.Actor Name:BP_Spawner_C_UAID_B42E9937F3E054C301_1683517865 Label:BP_Spawner4 SpatiallyLoaded:1 Bounds:IsValid=true, Min=(X=2420.000 Y=2180.000 Z=-1770.000), Max=(X=2420.000 Y=2180.000 Z=-1770.000) RuntimeGrid:None EditorOnly:0 RuntimeOnly:0 HLODRelevant:0
 |   |   |- Guid:2FB58999456391D349DC0F86DAC136ED BaseClass: NativeClass:/Script/Engine.SkyLight Name:SkyLight_1 Label:SkyLight SpatiallyLoaded:0 Bounds:IsValid=true, Min=(X=0.000 Y=0.000 Z=690.000), Max=(X=0.000 Y=0.000 Z=690.000) RuntimeGrid:None EditorOnly:0 RuntimeOnly:0 HLODRelevant:0 FolderPath:Lighting FolderGuid:963EC3EB4002CCE9759E2EBA541A873A
 |   |   |- Guid:316CF2A6494ACA4C0E4180A87D36AB8F BaseClass: NativeClass:/Script/Engine.ExponentialHeightFog Name:ExponentialHeightFog_0 Label:ExponentialHeightFog SpatiallyLoaded:0 Bounds:IsValid=true, Min=(X=-5600.000 Y=-50.000 Z=-6850.000), Max=(X=-5600.000 Y=-50.000 Z=-6850.000) RuntimeGrid:None EditorOnly:0 RuntimeOnly:0 HLODRelevant:0 FolderPath:Lighting FolderGuid:963EC3EB4002CCE9759E2EBA541A873A
 |   |   |- Guid:39C00FCD4500921A72C36BA9081818EB BaseClass:/Game/Sea_Life/BP_Spawner.BP_Spawner_C NativeClass:/Script/Engine.Actor Name:BP_Spawner_C_UAID_B42E9937F3E054C301_1685128872 Label:BP_Spawner11 SpatiallyLoaded:1 Bounds:IsValid=true, Min=(X=2420.000 Y=2940.000 Z=0.000), Max=(X=2420.000 Y=2940.000 Z=0.000) RuntimeGrid:None EditorOnly:0 RuntimeOnly:0 HLODRelevant:0
 |   |   |- Guid:3A00AA1C422CE54C0BDB60BAF471BFBB BaseClass: NativeClass:/Script/Engine.PlayerStart Name:PlayerStart_0 Label:PlayerStart SpatiallyLoaded:0 Bounds:IsValid=true, Min=(X=860.000 Y=1070.000 Z=0.013), Max=(X=940.000 Y=1150.000 Z=184.013) RuntimeGrid:None EditorOnly:0 RuntimeOnly:0 HLODRelevant:0
 |   |   |- Guid:410BD8C44FD4453076853CB7ACFAC274 BaseClass:/Game/Sea_Life/BP_Spawner.BP_Spawner_C NativeClass:/Script/Engine.Actor Name:BP_Spawner_C_UAID_B42E9937F3E054C301_1683089864 Label:BP_Spawner3 SpatiallyLoaded:1 Bounds:IsValid=true, Min=(X=2420.000 Y=2080.000 Z=-730.000), Max=(X=2420.000 Y=2080.000 Z=-730.000) RuntimeGrid:None EditorOnly:0 RuntimeOnly:0 HLODRelevant:0
 |   |   |- Guid:4D3BE93F4146AAAC8BBE79999D96D57F BaseClass: NativeClass:/Script/Engine.VolumetricCloud Name:VolumetricCloud_0 Label:VolumetricCloud SpatiallyLoaded:0 Bounds:IsValid=true, Min=(X=0.000 Y=0.000 Z=820.000), Max=(X=0.000 Y=0.000 Z=820.000) RuntimeGrid:None EditorOnly:0 RuntimeOnly:0 HLODRelevant:0 FolderPath:Lighting FolderGuid:963EC3EB4002CCE9759E2EBA541A873A
 |   |   |- Guid:64DF99B54F5AB21127979C852AA398FD BaseClass:/Game/Sea_Life/BP_Fish_01.BP_Fish_01_C NativeClass:/Script/Engine.Character Name:BP_Fish_01_C_UAID_B42E9937F3E05FC301_1396720799 Label:BP_Fish_01 SpatiallyLoaded:1 Bounds:IsValid=true, Min=(X=1587.396 Y=1501.873 Z=0.000), Max=(X=1731.262 Y=1577.692 Z=176.000) RuntimeGrid:None EditorOnly:0 RuntimeOnly:0 HLODRelevant:0
 |   |   |- Guid:6BAF4DDD444C60371492D3919DB42C97 BaseClass: NativeClass:/Script/Engine.WorldDataLayers Name:WorldDataLayers Label:WorldDataLayers SpatiallyLoaded:0 Bounds:IsValid=true, Min=(X=0.000 Y=0.000 Z=0.000), Max=(X=0.000 Y=0.000 Z=0.000) RuntimeGrid:None EditorOnly:0 RuntimeOnly:0 HLODRelevant:0
 |   |   |- Guid:6E967837431B481B56BBC79D382A355D BaseClass:/Game/Sea_Life/BP_Spawner.BP_Spawner_C NativeClass:/Script/Engine.Actor Name:BP_Spawner_C_UAID_B42E9937F3E054C301_1679368863 Label:BP_Spawner2 SpatiallyLoaded:1 Bounds:IsValid=true, Min=(X=460.000 Y=2180.000 Z=0.000), Max=(X=460.000 Y=2180.000 Z=0.000) RuntimeGrid:None EditorOnly:0 RuntimeOnly:0 HLODRelevant:0
 |   |   |- Guid:772FF38F4E2AF94D7BBD6BAD5C487A39 BaseClass: NativeClass:/Script/NavigationSystem.RecastNavMesh Name:RecastNavMesh_UAID_B42E9937F3E0EAC201-Default Label:RecastNavMesh-Default SpatiallyLoaded:0 Bounds:IsValid=true, Min=(X=0.000 Y=0.000 Z=0.000), Max=(X=0.000 Y=0.000 Z=0.000) RuntimeGrid:None EditorOnly:0 RuntimeOnly:0 HLODRelevant:0
 |   |   |- Guid:9F7C9BAE4BE1D2C4DF49209015B28A70 BaseClass:/Game/Sea_Life/BP_Spawner.BP_Spawner_C NativeClass:/Script/Engine.Actor Name:BP_Spawner_C_UAID_B42E9937F3E054C301_1683814866 Label:BP_Spawner5 SpatiallyLoaded:1 Bounds:IsValid=true, Min=(X=1200.000 Y=2180.000 Z=0.000), Max=(X=1200.000 Y=2180.000 Z=0.000) RuntimeGrid:None EditorOnly:0 RuntimeOnly:0 HLODRelevant:0
 |   |   |- Guid:A49EE0864F9D0E661354EA838E7C89F2 BaseClass:/Game/Sea_Life/BP_Spawner.BP_Spawner_C NativeClass:/Script/Engine.Actor Name:BP_Spawner_C_UAID_B42E9937F3E054C301_1684529869 Label:BP_Spawner8 SpatiallyLoaded:1 Bounds:IsValid=true, Min=(X=640.000 Y=2890.000 Z=0.000), Max=(X=640.000 Y=2890.000 Z=0.000) RuntimeGrid:None EditorOnly:0 RuntimeOnly:0 HLODRelevant:0
 |   |   |- Guid:AC10842247A79D50FF4004BA95AEDB13 BaseClass:/Game/Sea_Life/BP_Spawner.BP_Spawner_C NativeClass:/Script/Engine.Actor Name:BP_Spawner_C_UAID_B42E9937F3E054C301_1684919871 Label:BP_Spawner10 SpatiallyLoaded:1 Bounds:IsValid=true, Min=(X=870.000 Y=2180.000 Z=0.000), Max=(X=870.000 Y=2180.000 Z=0.000) RuntimeGrid:None EditorOnly:0 RuntimeOnly:0 HLODRelevant:0
 |   |   |- Guid:AD5F5F774415ABCBE8DB59BDED506CB6 BaseClass:/Game/Sea_Life/BP_Spawner.BP_Spawner_C NativeClass:/Script/Engine.Actor Name:BP_Spawner_C_UAID_B42E9937F3E054C301_1684290868 Label:BP_Spawner7 SpatiallyLoaded:1 Bounds:IsValid=true, Min=(X=1470.000 Y=3190.000 Z=0.000), Max=(X=1470.000 Y=3190.000 Z=0.000) RuntimeGrid:None EditorOnly:0 RuntimeOnly:0 HLODRelevant:0
 |   |   |- Guid:B48344FC4A0AD7FC90510EBD2F5914D7 BaseClass: NativeClass:/Script/NavigationSystem.NavMeshBoundsVolume Name:NavMeshBoundsVolume_UAID_B42E9937F3E0EAC201_1469106207 Label:NavMeshBoundsVolume SpatiallyLoaded:0 Bounds:IsValid=true, Min=(X=-2.186 Y=0.723 Z=-199.298), Max=(X=2997.814 Y=3500.723 Z=750.702) RuntimeGrid:None EditorOnly:0 RuntimeOnly:0 HLODRelevant:0
 |   |   |- Guid:B709E9DC4305C9C16A7203BB57630860 BaseClass:/Game/Sea_Life/BP_Spawner.BP_Spawner_C NativeClass:/Script/Engine.Actor Name:BP_Spawner_C_UAID_B42E9937F3E054C301_1684038867 Label:BP_Spawner6 SpatiallyLoaded:1 Bounds:IsValid=true, Min=(X=2420.000 Y=2180.000 Z=0.000), Max=(X=2420.000 Y=2180.000 Z=0.000) RuntimeGrid:None EditorOnly:0 RuntimeOnly:0 HLODRelevant:0
 |   |   |- Guid:B785ED2844B84CFB91E7F39FE661CD99 BaseClass: NativeClass:/Script/Engine.DirectionalLight Name:DirectionalLight_0 Label:DirectionalLight SpatiallyLoaded:0 Bounds:IsValid=true, Min=(X=-1048576.000 Y=-1048576.000 Z=-1048576.000), Max=(X=1048576.000 Y=1048576.000 Z=1048576.000) RuntimeGrid:None EditorOnly:0 RuntimeOnly:0 HLODRelevant:0 FolderPath:Lighting FolderGuid:963EC3EB4002CCE9759E2EBA541A873A
 |   |   |- Guid:BD0257184E1952FA0FF0879507808510 BaseClass:/Game/Sea_Life/BP_Spawner.BP_Spawner_C NativeClass:/Script/Engine.Actor Name:BP_Spawner_C_UAID_B42E9937F3E054C301_1684736870 Label:BP_Spawner9 SpatiallyLoaded:1 Bounds:IsValid=true, Min=(X=1850.000 Y=2970.000 Z=0.000), Max=(X=1850.000 Y=2970.000 Z=0.000) RuntimeGrid:None EditorOnly:0 RuntimeOnly:0 HLODRelevant:0
 |   |   |- Guid:CCFF262C46EEFFDF319E7F9539CE697E BaseClass: NativeClass:/Script/Engine.SkyAtmosphere Name:SkyAtmosphere_0 Label:SkyAtmosphere SpatiallyLoaded:0 Bounds:IsValid=true, Min=(X=0.000 Y=0.000 Z=1020.000), Max=(X=0.000 Y=0.000 Z=1020.000) RuntimeGrid:None EditorOnly:0 RuntimeOnly:0 HLODRelevant:0 FolderPath:Lighting FolderGuid:963EC3EB4002CCE9759E2EBA541A873A
 |   |   |- Guid:CDC194F64BB1B873E899009AFC7313A1 BaseClass:/Game/Sea_Life/BP_Spawner.BP_Spawner_C NativeClass:/Script/Engine.Actor Name:BP_Spawner_C_UAID_B42E9937F3E054C301_1685352873 Label:BP_Spawner12 SpatiallyLoaded:1 Bounds:IsValid=true, Min=(X=2420.000 Y=3150.000 Z=0.000), Max=(X=2420.000 Y=3150.000 Z=0.000) RuntimeGrid:None EditorOnly:0 RuntimeOnly:0 HLODRelevant:0
 |   |   |- Guid:E82F6C80406D02CC0F93339B5724B6FE BaseClass:/Game/Sea_Life/AI/BP_Fish_Movement_Patrol_Fish_02.BP_Fish_Movement_Patrol_Fish_02_C NativeClass:/Script/Engine.Actor Name:BP_Fish_Movement_Patrol_Fish_02_C_UAID_B42E9937F3E055C301_1865569051 Label:BP_Fish_Movement_Patrol_Fish_02 SpatiallyLoaded:1 Bounds:IsValid=true, Min=(X=310.000 Y=2447.037 Z=-12.593), Max=(X=990.310 Y=2780.464 Z=170.000) RuntimeGrid:None EditorOnly:0 RuntimeOnly:0 HLODRelevant:0
 |   |   |- Guid:EC4E0C944CE6AC6E784BC6BB2916EA13 BaseClass: NativeClass:/Script/Engine.StaticMeshActor Name:StaticMeshActor_UAID_A4AE111137DC5EFB00_1110535423 Label:SM_SkySphere SpatiallyLoaded:0 Bounds:IsValid=true, Min=(X=-1638400.000 Y=-1638400.000 Z=-1638400.000), Max=(X=1638400.000 Y=1638400.000 Z=1638400.000) RuntimeGrid:None EditorOnly:0 RuntimeOnly:0 HLODRelevant:1 FolderPath:Lighting FolderGuid:963EC3EB4002CCE9759E2EBA541A873A
 |   |   |- Guid:F1924B8D48954B30891B2DB6A694F9CC BaseClass: NativeClass:/Script/Engine.StaticMeshActor Name:StaticMeshActor_1 Label:SM_Cube SpatiallyLoaded:1 Bounds:IsValid=true, Min=(X=0.000 Y=0.000 Z=-50.000), Max=(X=3000.000 Y=3500.000 Z=0.000) RuntimeGrid:None EditorOnly:0 RuntimeOnly:0 HLODRelevant:1 FolderPath:Playground FolderGuid:C73F09FC4215536B1DCE2A9E0A830C70
 |   |   |- Guid:F58C6D384944656B2D1F0189AA05B221 BaseClass:/Game/Sea_Life/AI/BP_Fish_Movement_Patrol_Fish_01.BP_Fish_Movement_Patrol_Fish_01_C NativeClass:/Script/Engine.Actor Name:BP_Fish_Movement_C_UAID_B42E9937F3E0FDC201_1937859554 Label:BP_Fish_Movement SpatiallyLoaded:1 Bounds:IsValid=true, Min=(X=164.908 Y=165.487 Z=10.000), Max=(X=2754.371 Y=1744.082 Z=10.000) RuntimeGrid:None EditorOnly:0 RuntimeOnly:0 HLODRelevant:0
 |   |   |- Guid:F5E3FEB3450C49844FD93DA8E083C8AD BaseClass: NativeClass:/Script/Engine.PostProcessVolume Name:PostProcessVolume_0 Label:PostProcessVolume SpatiallyLoaded:0 Bounds:IsValid=true, Min=(X=0.000 Y=0.000 Z=400.000), Max=(X=200.000 Y=200.000 Z=600.000) RuntimeGrid:None EditorOnly:0 RuntimeOnly:0 HLODRelevant:0 FolderPath:Lighting FolderGuid:963EC3EB4002CCE9759E2EBA541A873A
 |   |- [+] Clusters:
 |   |   |- [+] [  0]
 |   |   |   |- Guid:6BAF4DDD444C60371492D3919DB42C97 BaseClass: NativeClass:/Script/Engine.WorldDataLayers Name:WorldDataLayers Label:WorldDataLayers SpatiallyLoaded:0 Bounds:IsValid=true, Min=(X=0.000 Y=0.000 Z=0.000), Max=(X=0.000 Y=0.000 Z=0.000) RuntimeGrid:None EditorOnly:0 RuntimeOnly:0 HLODRelevant:0
 |   |   |- [+] [  1]
 |   |   |   |- Guid:E82F6C80406D02CC0F93339B5724B6FE BaseClass:/Game/Sea_Life/AI/BP_Fish_Movement_Patrol_Fish_02.BP_Fish_Movement_Patrol_Fish_02_C NativeClass:/Script/Engine.Actor Name:BP_Fish_Movement_Patrol_Fish_02_C_UAID_B42E9937F3E055C301_1865569051 Label:BP_Fish_Movement_Patrol_Fish_02 SpatiallyLoaded:1 Bounds:IsValid=true, Min=(X=310.000 Y=2447.037 Z=-12.593), Max=(X=990.310 Y=2780.464 Z=170.000) RuntimeGrid:None EditorOnly:0 RuntimeOnly:0 HLODRelevant:0
 |   |   |- [+] [  2]
 |   |   |   |- Guid:F5E3FEB3450C49844FD93DA8E083C8AD BaseClass: NativeClass:/Script/Engine.PostProcessVolume Name:PostProcessVolume_0 Label:PostProcessVolume SpatiallyLoaded:0 Bounds:IsValid=true, Min=(X=0.000 Y=0.000 Z=400.000), Max=(X=200.000 Y=200.000 Z=600.000) RuntimeGrid:None EditorOnly:0 RuntimeOnly:0 HLODRelevant:0 FolderPath:Lighting FolderGuid:963EC3EB4002CCE9759E2EBA541A873A
 |   |   |- [+] [  3]
 |   |   |   |- Guid:B48344FC4A0AD7FC90510EBD2F5914D7 BaseClass: NativeClass:/Script/NavigationSystem.NavMeshBoundsVolume Name:NavMeshBoundsVolume_UAID_B42E9937F3E0EAC201_1469106207 Label:NavMeshBoundsVolume SpatiallyLoaded:0 Bounds:IsValid=true, Min=(X=-2.186 Y=0.723 Z=-199.298), Max=(X=2997.814 Y=3500.723 Z=750.702) RuntimeGrid:None EditorOnly:0 RuntimeOnly:0 HLODRelevant:0
 |   |   |- [+] [  4]
 |   |   |   |- Guid:14F5C8FE42E59185ED8425B895F4B809 BaseClass:/Game/Sea_Life/BP_Spawner.BP_Spawner_C NativeClass:/Script/Engine.Actor Name:BP_Spawner_C_UAID_B42E9937F3E048C301_1804246753 Label:BP_Spawner SpatiallyLoaded:1 Bounds:IsValid=true, Min=(X=1190.000 Y=2530.000 Z=0.000), Max=(X=1190.000 Y=2530.000 Z=0.000) RuntimeGrid:None EditorOnly:0 RuntimeOnly:0 HLODRelevant:0
 |   |   |- [+] [  5]
 |   |   |   |- Guid:B709E9DC4305C9C16A7203BB57630860 BaseClass:/Game/Sea_Life/BP_Spawner.BP_Spawner_C NativeClass:/Script/Engine.Actor Name:BP_Spawner_C_UAID_B42E9937F3E054C301_1684038867 Label:BP_Spawner6 SpatiallyLoaded:1 Bounds:IsValid=true, Min=(X=2420.000 Y=2180.000 Z=0.000), Max=(X=2420.000 Y=2180.000 Z=0.000) RuntimeGrid:None EditorOnly:0 RuntimeOnly:0 HLODRelevant:0
 |   |   |- [+] [  6]
 |   |   |   |- Guid:4D3BE93F4146AAAC8BBE79999D96D57F BaseClass: NativeClass:/Script/Engine.VolumetricCloud Name:VolumetricCloud_0 Label:VolumetricCloud SpatiallyLoaded:0 Bounds:IsValid=true, Min=(X=0.000 Y=0.000 Z=820.000), Max=(X=0.000 Y=0.000 Z=820.000) RuntimeGrid:None EditorOnly:0 RuntimeOnly:0 HLODRelevant:0 FolderPath:Lighting FolderGuid:963EC3EB4002CCE9759E2EBA541A873A
 |   |   |- [+] [  7]
 |   |   |   |- Guid:CDC194F64BB1B873E899009AFC7313A1 BaseClass:/Game/Sea_Life/BP_Spawner.BP_Spawner_C NativeClass:/Script/Engine.Actor Name:BP_Spawner_C_UAID_B42E9937F3E054C301_1685352873 Label:BP_Spawner12 SpatiallyLoaded:1 Bounds:IsValid=true, Min=(X=2420.000 Y=3150.000 Z=0.000), Max=(X=2420.000 Y=3150.000 Z=0.000) RuntimeGrid:None EditorOnly:0 RuntimeOnly:0 HLODRelevant:0
 |   |   |- [+] [  8]
 |   |   |   |- Guid:CCFF262C46EEFFDF319E7F9539CE697E BaseClass: NativeClass:/Script/Engine.SkyAtmosphere Name:SkyAtmosphere_0 Label:SkyAtmosphere SpatiallyLoaded:0 Bounds:IsValid=true, Min=(X=0.000 Y=0.000 Z=1020.000), Max=(X=0.000 Y=0.000 Z=1020.000) RuntimeGrid:None EditorOnly:0 RuntimeOnly:0 HLODRelevant:0 FolderPath:Lighting FolderGuid:963EC3EB4002CCE9759E2EBA541A873A
 |   |   |- [+] [  9]
 |   |   |   |- Guid:EC4E0C944CE6AC6E784BC6BB2916EA13 BaseClass: NativeClass:/Script/Engine.StaticMeshActor Name:StaticMeshActor_UAID_A4AE111137DC5EFB00_1110535423 Label:SM_SkySphere SpatiallyLoaded:0 Bounds:IsValid=true, Min=(X=-1638400.000 Y=-1638400.000 Z=-1638400.000), Max=(X=1638400.000 Y=1638400.000 Z=1638400.000) RuntimeGrid:None EditorOnly:0 RuntimeOnly:0 HLODRelevant:1 FolderPath:Lighting FolderGuid:963EC3EB4002CCE9759E2EBA541A873A
 |   |   |- [+] [ 10]
 |   |   |   |- Guid:B785ED2844B84CFB91E7F39FE661CD99 BaseClass: NativeClass:/Script/Engine.DirectionalLight Name:DirectionalLight_0 Label:DirectionalLight SpatiallyLoaded:0 Bounds:IsValid=true, Min=(X=-1048576.000 Y=-1048576.000 Z=-1048576.000), Max=(X=1048576.000 Y=1048576.000 Z=1048576.000) RuntimeGrid:None EditorOnly:0 RuntimeOnly:0 HLODRelevant:0 FolderPath:Lighting FolderGuid:963EC3EB4002CCE9759E2EBA541A873A
 |   |   |- [+] [ 11]
 |   |   |   |- Guid:AC10842247A79D50FF4004BA95AEDB13 BaseClass:/Game/Sea_Life/BP_Spawner.BP_Spawner_C NativeClass:/Script/Engine.Actor Name:BP_Spawner_C_UAID_B42E9937F3E054C301_1684919871 Label:BP_Spawner10 SpatiallyLoaded:1 Bounds:IsValid=true, Min=(X=870.000 Y=2180.000 Z=0.000), Max=(X=870.000 Y=2180.000 Z=0.000) RuntimeGrid:None EditorOnly:0 RuntimeOnly:0 HLODRelevant:0
 |   |   |- [+] [ 12]
 |   |   |   |- Guid:316CF2A6494ACA4C0E4180A87D36AB8F BaseClass: NativeClass:/Script/Engine.ExponentialHeightFog Name:ExponentialHeightFog_0 Label:ExponentialHeightFog SpatiallyLoaded:0 Bounds:IsValid=true, Min=(X=-5600.000 Y=-50.000 Z=-6850.000), Max=(X=-5600.000 Y=-50.000 Z=-6850.000) RuntimeGrid:None EditorOnly:0 RuntimeOnly:0 HLODRelevant:0 FolderPath:Lighting FolderGuid:963EC3EB4002CCE9759E2EBA541A873A
 |   |   |- [+] [ 13]
 |   |   |   |- Guid:F1924B8D48954B30891B2DB6A694F9CC BaseClass: NativeClass:/Script/Engine.StaticMeshActor Name:StaticMeshActor_1 Label:SM_Cube SpatiallyLoaded:1 Bounds:IsValid=true, Min=(X=0.000 Y=0.000 Z=-50.000), Max=(X=3000.000 Y=3500.000 Z=0.000) RuntimeGrid:None EditorOnly:0 RuntimeOnly:0 HLODRelevant:1 FolderPath:Playground FolderGuid:C73F09FC4215536B1DCE2A9E0A830C70
 |   |   |- [+] [ 14]
 |   |   |   |- Guid:2FB58999456391D349DC0F86DAC136ED BaseClass: NativeClass:/Script/Engine.SkyLight Name:SkyLight_1 Label:SkyLight SpatiallyLoaded:0 Bounds:IsValid=true, Min=(X=0.000 Y=0.000 Z=690.000), Max=(X=0.000 Y=0.000 Z=690.000) RuntimeGrid:None EditorOnly:0 RuntimeOnly:0 HLODRelevant:0 FolderPath:Lighting FolderGuid:963EC3EB4002CCE9759E2EBA541A873A
 |   |   |- [+] [ 15]
 |   |   |   |- Guid:64DF99B54F5AB21127979C852AA398FD BaseClass:/Game/Sea_Life/BP_Fish_01.BP_Fish_01_C NativeClass:/Script/Engine.Character Name:BP_Fish_01_C_UAID_B42E9937F3E05FC301_1396720799 Label:BP_Fish_01 SpatiallyLoaded:1 Bounds:IsValid=true, Min=(X=1587.396 Y=1501.873 Z=0.000), Max=(X=1731.262 Y=1577.692 Z=176.000) RuntimeGrid:None EditorOnly:0 RuntimeOnly:0 HLODRelevant:0
 |   |   |   |- Guid:F58C6D384944656B2D1F0189AA05B221 BaseClass:/Game/Sea_Life/AI/BP_Fish_Movement_Patrol_Fish_01.BP_Fish_Movement_Patrol_Fish_01_C NativeClass:/Script/Engine.Actor Name:BP_Fish_Movement_C_UAID_B42E9937F3E0FDC201_1937859554 Label:BP_Fish_Movement SpatiallyLoaded:1 Bounds:IsValid=true, Min=(X=164.908 Y=165.487 Z=10.000), Max=(X=2754.371 Y=1744.082 Z=10.000) RuntimeGrid:None EditorOnly:0 RuntimeOnly:0 HLODRelevant:0
 |   |   |- [+] [ 16]
 |   |   |   |- Guid:BD0257184E1952FA0FF0879507808510 BaseClass:/Game/Sea_Life/BP_Spawner.BP_Spawner_C NativeClass:/Script/Engine.Actor Name:BP_Spawner_C_UAID_B42E9937F3E054C301_1684736870 Label:BP_Spawner9 SpatiallyLoaded:1 Bounds:IsValid=true, Min=(X=1850.000 Y=2970.000 Z=0.000), Max=(X=1850.000 Y=2970.000 Z=0.000) RuntimeGrid:None EditorOnly:0 RuntimeOnly:0 HLODRelevant:0
 |   |   |- [+] [ 17]
 |   |   |   |- Guid:39C00FCD4500921A72C36BA9081818EB BaseClass:/Game/Sea_Life/BP_Spawner.BP_Spawner_C NativeClass:/Script/Engine.Actor Name:BP_Spawner_C_UAID_B42E9937F3E054C301_1685128872 Label:BP_Spawner11 SpatiallyLoaded:1 Bounds:IsValid=true, Min=(X=2420.000 Y=2940.000 Z=0.000), Max=(X=2420.000 Y=2940.000 Z=0.000) RuntimeGrid:None EditorOnly:0 RuntimeOnly:0 HLODRelevant:0
 |   |   |- [+] [ 18]
 |   |   |   |- Guid:A49EE0864F9D0E661354EA838E7C89F2 BaseClass:/Game/Sea_Life/BP_Spawner.BP_Spawner_C NativeClass:/Script/Engine.Actor Name:BP_Spawner_C_UAID_B42E9937F3E054C301_1684529869 Label:BP_Spawner8 SpatiallyLoaded:1 Bounds:IsValid=true, Min=(X=640.000 Y=2890.000 Z=0.000), Max=(X=640.000 Y=2890.000 Z=0.000) RuntimeGrid:None EditorOnly:0 RuntimeOnly:0 HLODRelevant:0
 |   |   |- [+] [ 19]
 |   |   |   |- Guid:2C332415426C07CC12BDB893B1A3D3DF BaseClass:/Game/Sea_Life/BP_Spawner.BP_Spawner_C NativeClass:/Script/Engine.Actor Name:BP_Spawner_C_UAID_B42E9937F3E054C301_1683517865 Label:BP_Spawner4 SpatiallyLoaded:1 Bounds:IsValid=true, Min=(X=2420.000 Y=2180.000 Z=-1770.000), Max=(X=2420.000 Y=2180.000 Z=-1770.000) RuntimeGrid:None EditorOnly:0 RuntimeOnly:0 HLODRelevant:0
 |   |   |- [+] [ 20]
 |   |   |   |- Guid:6E967837431B481B56BBC79D382A355D BaseClass:/Game/Sea_Life/BP_Spawner.BP_Spawner_C NativeClass:/Script/Engine.Actor Name:BP_Spawner_C_UAID_B42E9937F3E054C301_1679368863 Label:BP_Spawner2 SpatiallyLoaded:1 Bounds:IsValid=true, Min=(X=460.000 Y=2180.000 Z=0.000), Max=(X=460.000 Y=2180.000 Z=0.000) RuntimeGrid:None EditorOnly:0 RuntimeOnly:0 HLODRelevant:0
 |   |   |- [+] [ 21]
 |   |   |   |- Guid:3A00AA1C422CE54C0BDB60BAF471BFBB BaseClass: NativeClass:/Script/Engine.PlayerStart Name:PlayerStart_0 Label:PlayerStart SpatiallyLoaded:0 Bounds:IsValid=true, Min=(X=860.000 Y=1070.000 Z=0.013), Max=(X=940.000 Y=1150.000 Z=184.013) RuntimeGrid:None EditorOnly:0 RuntimeOnly:0 HLODRelevant:0
 |   |   |- [+] [ 22]
 |   |   |   |- Guid:410BD8C44FD4453076853CB7ACFAC274 BaseClass:/Game/Sea_Life/BP_Spawner.BP_Spawner_C NativeClass:/Script/Engine.Actor Name:BP_Spawner_C_UAID_B42E9937F3E054C301_1683089864 Label:BP_Spawner3 SpatiallyLoaded:1 Bounds:IsValid=true, Min=(X=2420.000 Y=2080.000 Z=-730.000), Max=(X=2420.000 Y=2080.000 Z=-730.000) RuntimeGrid:None EditorOnly:0 RuntimeOnly:0 HLODRelevant:0
 |   |   |- [+] [ 23]
 |   |   |   |- Guid:AD5F5F774415ABCBE8DB59BDED506CB6 BaseClass:/Game/Sea_Life/BP_Spawner.BP_Spawner_C NativeClass:/Script/Engine.Actor Name:BP_Spawner_C_UAID_B42E9937F3E054C301_1684290868 Label:BP_Spawner7 SpatiallyLoaded:1 Bounds:IsValid=true, Min=(X=1470.000 Y=3190.000 Z=0.000), Max=(X=1470.000 Y=3190.000 Z=0.000) RuntimeGrid:None EditorOnly:0 RuntimeOnly:0 HLODRelevant:0
 |   |   |- [+] [ 24]
 |   |   |   |- Guid:9F7C9BAE4BE1D2C4DF49209015B28A70 BaseClass:/Game/Sea_Life/BP_Spawner.BP_Spawner_C NativeClass:/Script/Engine.Actor Name:BP_Spawner_C_UAID_B42E9937F3E054C301_1683814866 Label:BP_Spawner5 SpatiallyLoaded:1 Bounds:IsValid=true, Min=(X=1200.000 Y=2180.000 Z=0.000), Max=(X=1200.000 Y=2180.000 Z=0.000) RuntimeGrid:None EditorOnly:0 RuntimeOnly:0 HLODRelevant:0
 |   |   |- [+] [ 25]
 |   |   |   |- Guid:772FF38F4E2AF94D7BBD6BAD5C487A39 BaseClass: NativeClass:/Script/NavigationSystem.RecastNavMesh Name:RecastNavMesh_UAID_B42E9937F3E0EAC201-Default Label:RecastNavMesh-Default SpatiallyLoaded:0 Bounds:IsValid=true, Min=(X=0.000 Y=0.000 Z=0.000), Max=(X=0.000 Y=0.000 Z=0.000) RuntimeGrid:None EditorOnly:0 RuntimeOnly:0 HLODRelevant:0
 |- ContainerInstances:
 |- [+] MainContainer:
 |   |-        ID: 0x0000000000000000
 |   |-    Bounds: IsValid=false, Min=(X=0.000 Y=0.000 Z=0.000), Max=(X=0.000 Y=0.000 Z=0.000)
 |   |- Transform: 0.000000,0.000000,0.000000|0.000000,0.000000,-0.000000|1.000000,1.000000,1.000000
 |   |- Container: /Game/ThirdPerson/Maps/ThirdPersonMap
----------------------------------------------------------------------------------------------------------------
ThirdPersonMap - Persistent Level
----------------------------------------------------------------------------------------------------------------
Always loaded Actor Count: 37 

----------------------------------------------------------------------------------------------------------------
ThirdPersonMap - Runtime Spatial Hash - Streaming Grid - MainGrid
----------------------------------------------------------------------------------------------------------------
            Origin: X=0.000 Y=0.000 Z=0.000
         Cell Size: 12800
      World Bounds: IsValid=false, Min=(X=0.000 Y=0.000 Z=0.000), Max=(X=0.000 Y=0.000 Z=0.000)
     Loading Range: 25600.00
Block Slow Loading: No
 ClientOnlyVisible: No

[+] Grid Levels: 1
 |- Level  0: Cell Count    0 | Cell Size   12800 | Actor Count    0 (0.0%)

[+] Content of Grid Level 0

